G:\C++CLASS\FRACTAL\FRACTAL\DEBUG\FRACTAL.PCH
G:\C++CLASS\FRACTAL\FRACTAL\DEBUG\STDAFX.OBJ
G:\C++CLASS\FRACTAL\FRACTAL\DEBUG\VC110.PDB
G:\C++CLASS\FRACTAL\FRACTAL\DEBUG\COORDINATE.OBJ
G:\C++CLASS\FRACTAL\FRACTAL\DEBUG\FRACTAL.OBJ
G:\C++CLASS\FRACTAL\FRACTAL\DEBUG\FRACTALDLG.OBJ
G:\C++CLASS\FRACTAL\FRACTAL\DEBUG\FRACTAL.RES
G:\C++class\Fractal\Fractal\Debug\coordinate.obj
G:\C++class\Fractal\Fractal\Debug\Fractal.obj
G:\C++class\Fractal\Fractal\Debug\FractalDlg.obj
G:\C++class\Fractal\Fractal\Debug\stdafx.obj
G:\C++class\Fractal\Fractal\Debug\cl.command.1.tlog
G:\C++class\Fractal\Fractal\Debug\CL.read.1.tlog
G:\C++class\Fractal\Fractal\Debug\CL.write.1.tlog
G:\C++class\Fractal\Fractal\Debug\link-cvtres.read.1.tlog
G:\C++class\Fractal\Fractal\Debug\link-cvtres.write.1.tlog
G:\C++class\Fractal\Fractal\Debug\link-mt.read.1.tlog
G:\C++class\Fractal\Fractal\Debug\link-mt.write.1.tlog
G:\C++class\Fractal\Fractal\Debug\link-rc.read.1.tlog
G:\C++class\Fractal\Fractal\Debug\link-rc.write.1.tlog
G:\C++class\Fractal\Fractal\Debug\link.command.1.tlog
G:\C++class\Fractal\Fractal\Debug\link.read.1.tlog
G:\C++class\Fractal\Fractal\Debug\link.write.1.tlog
G:\C++class\Fractal\Fractal\Debug\rc.command.1.tlog
G:\C++class\Fractal\Fractal\Debug\rc.read.1.tlog
G:\C++class\Fractal\Fractal\Debug\rc.write.1.tlog
G:\C++class\Fractal\Fractal\Debug\Fractal.res
G:\C++class\Fractal\Fractal\Debug\Fractal.pch
G:\C++class\Fractal\Fractal\Debug\vc110.idb
G:\C++class\Fractal\Fractal\Debug\vc110.pdb
G:\C++class\Fractal\Debug\Fractal.pdb
